<?xml version="1.0" encoding="UTF-8"?>
<coverage generated="1529404387123" clover="3.2.0">
  <project timestamp="1529404387123" name="All files">
    <metrics statements="25" coveredstatements="19" conditionals="4" coveredconditionals="1" methods="15" coveredmethods="11" elements="44" coveredelements="31" complexity="0" loc="25" ncloc="25" packages="5" files="9" classes="9">
      <package name="component.ErrorBoundary">
        <metrics statements="6" coveredstatements="4" conditionals="4" coveredconditionals="1" methods="3" coveredmethods="2"/>
        <file name="ErrorBoundary.js" path="C:\BenBaoBao\React\reactJs\app\component\ErrorBoundary\ErrorBoundary.js">
          <metrics statements="6" coveredstatements="4" conditionals="4" coveredconditionals="1" methods="3" coveredmethods="2"/>
          <line num="5" count="2" type="stmt"/>
          <line num="6" count="2" type="stmt"/>
          <line num="13" count="0" type="stmt"/>
          <line num="20" count="2" type="cond" truecount="1" falsecount="1"/>
          <line num="21" count="0" type="stmt"/>
          <line num="30" count="2" type="stmt"/>
        </file>
      </package>
      <package name="component.Index">
        <metrics statements="11" coveredstatements="7" conditionals="0" coveredconditionals="0" methods="8" coveredmethods="5"/>
        <file name="FilterBar.js" path="C:\BenBaoBao\React\reactJs\app\component\Index\FilterBar.js">
          <metrics statements="1" coveredstatements="1" conditionals="0" coveredconditionals="0" methods="1" coveredmethods="1"/>
          <line num="5" count="2" type="stmt"/>
        </file>
        <file name="Footer.js" path="C:\BenBaoBao\React\reactJs\app\component\Index\Footer.js">
          <metrics statements="1" coveredstatements="1" conditionals="0" coveredconditionals="0" methods="1" coveredmethods="1"/>
          <line num="5" count="2" type="stmt"/>
        </file>
        <file name="Header.js" path="C:\BenBaoBao\React\reactJs\app\component\Index\Header.js">
          <metrics statements="1" coveredstatements="1" conditionals="0" coveredconditionals="0" methods="1" coveredmethods="1"/>
          <line num="5" count="2" type="stmt"/>
        </file>
        <file name="Index.js" path="C:\BenBaoBao\React\reactJs\app\component\Index\Index.js">
          <metrics statements="8" coveredstatements="4" conditionals="0" coveredconditionals="0" methods="5" coveredmethods="2"/>
          <line num="13" count="2" type="stmt"/>
          <line num="14" count="2" type="stmt"/>
          <line num="197" count="2" type="stmt"/>
          <line num="212" count="0" type="stmt"/>
          <line num="219" count="0" type="stmt"/>
          <line num="224" count="2" type="stmt"/>
          <line num="226" count="0" type="stmt"/>
          <line num="235" count="0" type="stmt"/>
        </file>
      </package>
      <package name="component.Index.Content">
        <metrics statements="1" coveredstatements="1" conditionals="0" coveredconditionals="0" methods="1" coveredmethods="1"/>
        <file name="Content.js" path="C:\BenBaoBao\React\reactJs\app\component\Index\Content\Content.js">
          <metrics statements="1" coveredstatements="1" conditionals="0" coveredconditionals="0" methods="1" coveredmethods="1"/>
          <line num="6" count="2" type="stmt"/>
        </file>
      </package>
      <package name="component.Index.Content.Movies">
        <metrics statements="3" coveredstatements="3" conditionals="0" coveredconditionals="0" methods="3" coveredmethods="3"/>
        <file name="Movie.js" path="C:\BenBaoBao\React\reactJs\app\component\Index\Content\Movies\Movie.js">
          <metrics statements="1" coveredstatements="1" conditionals="0" coveredconditionals="0" methods="1" coveredmethods="1"/>
          <line num="5" count="20" type="stmt"/>
        </file>
        <file name="Movies.js" path="C:\BenBaoBao\React\reactJs\app\component\Index\Content\Movies\Movies.js">
          <metrics statements="2" coveredstatements="2" conditionals="0" coveredconditionals="0" methods="2" coveredmethods="2"/>
          <line num="7" count="2" type="stmt"/>
          <line num="11" count="20" type="stmt"/>
        </file>
      </package>
      <package name="test">
        <metrics statements="4" coveredstatements="4" conditionals="0" coveredconditionals="0" methods="0" coveredmethods="0"/>
        <file name="jestsetup.js" path="C:\BenBaoBao\React\reactJs\app\test\jestsetup.js">
          <metrics statements="4" coveredstatements="4" conditionals="0" coveredconditionals="0" methods="0" coveredmethods="0"/>
          <line num="4" count="2" type="stmt"/>
          <line num="6" count="2" type="stmt"/>
          <line num="7" count="2" type="stmt"/>
          <line num="8" count="2" type="stmt"/>
        </file>
      </package>
    </metrics>
  </project>
</coverage>
