{"C:\\BenBaoBao\\React\\reactJs\\app\\component\\ErrorBoundary\\ErrorBoundary.js": {"path":"C:\\BenBaoBao\\React\\reactJs\\app\\component\\ErrorBoundary\\ErrorBoundary.js","statementMap":{"0":{"start":{"line":5,"column":8},"end":{"line":5,"column":21}},"1":{"start":{"line":6,"column":8},"end":{"line":9,"column":10}},"2":{"start":{"line":13,"column":8},"end":{"line":16,"column":11}},"3":{"start":{"line":20,"column":8},"end":{"line":29,"column":9}},"4":{"start":{"line":21,"column":12},"end":{"line":28,"column":14}},"5":{"start":{"line":30,"column":8},"end":{"line":30,"column":35}}},"fnMap":{"0":{"name":"(anonymous_0)","decl":{"start":{"line":4,"column":4},"end":{"line":4,"column":5}},"loc":{"start":{"line":4,"column":23},"end":{"line":10,"column":5}},"line":4},"1":{"name":"(anonymous_1)","decl":{"start":{"line":12,"column":4},"end":{"line":12,"column":5}},"loc":{"start":{"line":12,"column":35},"end":{"line":17,"column":5}},"line":12},"2":{"name":"(anonymous_2)","decl":{"start":{"line":19,"column":4},"end":{"line":19,"column":5}},"loc":{"start":{"line":19,"column":13},"end":{"line":31,"column":5}},"line":19}},"branchMap":{"0":{"loc":{"start":{"line":20,"column":8},"end":{"line":29,"column":9}},"type":"if","locations":[{"start":{"line":20,"column":8},"end":{"line":29,"column":9}},{"start":{"line":20,"column":8},"end":{"line":29,"column":9}}],"line":20},"1":{"loc":{"start":{"line":24,"column":21},"end":{"line":24,"column":68}},"type":"binary-expr","locations":[{"start":{"line":24,"column":21},"end":{"line":24,"column":37}},{"start":{"line":24,"column":41},"end":{"line":24,"column":68}}],"line":24}},"s":{"0":2,"1":2,"2":0,"3":2,"4":0,"5":2},"f":{"0":2,"1":0,"2":2},"b":{"0":[0,2],"1":[0,0]},"_coverageSchema":"332fd63041d2c1bcb487cc26dd0d5f7d97098a6c","hash":"c42ec628920469518bd88d16d01c30ea5e73561b"}
,"C:\\BenBaoBao\\React\\reactJs\\app\\component\\Index\\FilterBar.js": {"path":"C:\\BenBaoBao\\React\\reactJs\\app\\component\\Index\\FilterBar.js","statementMap":{"0":{"start":{"line":5,"column":8},"end":{"line":14,"column":10}}},"fnMap":{"0":{"name":"(anonymous_0)","decl":{"start":{"line":4,"column":4},"end":{"line":4,"column":5}},"loc":{"start":{"line":4,"column":13},"end":{"line":15,"column":5}},"line":4}},"branchMap":{},"s":{"0":2},"f":{"0":2},"b":{},"_coverageSchema":"332fd63041d2c1bcb487cc26dd0d5f7d97098a6c","hash":"c6f68dfa57ef8ec36fde35c4ef997c404439fb4c"}
,"C:\\BenBaoBao\\React\\reactJs\\app\\component\\Index\\Footer.js": {"path":"C:\\BenBaoBao\\React\\reactJs\\app\\component\\Index\\Footer.js","statementMap":{"0":{"start":{"line":5,"column":8},"end":{"line":9,"column":10}}},"fnMap":{"0":{"name":"(anonymous_0)","decl":{"start":{"line":4,"column":4},"end":{"line":4,"column":5}},"loc":{"start":{"line":4,"column":13},"end":{"line":10,"column":5}},"line":4}},"branchMap":{},"s":{"0":2},"f":{"0":2},"b":{},"_coverageSchema":"332fd63041d2c1bcb487cc26dd0d5f7d97098a6c","hash":"49146f38df3389190e5bc556bc12b4e742ca3b30"}
,"C:\\BenBaoBao\\React\\reactJs\\app\\component\\Index\\Header.js": {"path":"C:\\BenBaoBao\\React\\reactJs\\app\\component\\Index\\Header.js","statementMap":{"0":{"start":{"line":5,"column":8},"end":{"line":26,"column":10}}},"fnMap":{"0":{"name":"(anonymous_0)","decl":{"start":{"line":4,"column":4},"end":{"line":4,"column":5}},"loc":{"start":{"line":4,"column":13},"end":{"line":27,"column":5}},"line":4}},"branchMap":{},"s":{"0":2},"f":{"0":2},"b":{},"_coverageSchema":"332fd63041d2c1bcb487cc26dd0d5f7d97098a6c","hash":"fb1a89d550e88f8d8353b8053f7f608165b11244"}
,"C:\\BenBaoBao\\React\\reactJs\\app\\component\\Index\\Index.js": {"path":"C:\\BenBaoBao\\React\\reactJs\\app\\component\\Index\\Index.js","statementMap":{"0":{"start":{"line":13,"column":8},"end":{"line":13,"column":21}},"1":{"start":{"line":14,"column":8},"end":{"line":193,"column":12}},"2":{"start":{"line":197,"column":8},"end":{"line":206,"column":10}},"3":{"start":{"line":212,"column":8},"end":{"line":214,"column":10}},"4":{"start":{"line":219,"column":4},"end":{"line":221,"column":6}},"5":{"start":{"line":224,"column":17},"end":{"line":230,"column":2}},"6":{"start":{"line":226,"column":8},"end":{"line":228,"column":10}},"7":{"start":{"line":235,"column":8},"end":{"line":237,"column":10}}},"fnMap":{"0":{"name":"(anonymous_0)","decl":{"start":{"line":12,"column":4},"end":{"line":12,"column":5}},"loc":{"start":{"line":12,"column":23},"end":{"line":194,"column":5}},"line":12},"1":{"name":"(anonymous_1)","decl":{"start":{"line":196,"column":4},"end":{"line":196,"column":5}},"loc":{"start":{"line":196,"column":13},"end":{"line":207,"column":5}},"line":196},"2":{"name":"(anonymous_2)","decl":{"start":{"line":211,"column":4},"end":{"line":211,"column":5}},"loc":{"start":{"line":211,"column":13},"end":{"line":215,"column":5}},"line":211},"3":{"name":"Component2","decl":{"start":{"line":218,"column":9},"end":{"line":218,"column":19}},"loc":{"start":{"line":218,"column":27},"end":{"line":222,"column":1}},"line":218},"4":{"name":"(anonymous_4)","decl":{"start":{"line":234,"column":4},"end":{"line":234,"column":5}},"loc":{"start":{"line":234,"column":13},"end":{"line":238,"column":5}},"line":234}},"branchMap":{},"s":{"0":2,"1":2,"2":2,"3":0,"4":0,"5":2,"6":0,"7":0},"f":{"0":2,"1":2,"2":0,"3":0,"4":0},"b":{},"_coverageSchema":"332fd63041d2c1bcb487cc26dd0d5f7d97098a6c","hash":"e9faf14158de460580fda81eb0f460abcd7c90ec"}
,"C:\\BenBaoBao\\React\\reactJs\\app\\component\\Index\\Content\\Content.js": {"path":"C:\\BenBaoBao\\React\\reactJs\\app\\component\\Index\\Content\\Content.js","statementMap":{"0":{"start":{"line":6,"column":8},"end":{"line":10,"column":10}}},"fnMap":{"0":{"name":"(anonymous_0)","decl":{"start":{"line":5,"column":4},"end":{"line":5,"column":5}},"loc":{"start":{"line":5,"column":13},"end":{"line":11,"column":5}},"line":5}},"branchMap":{},"s":{"0":2},"f":{"0":2},"b":{},"_coverageSchema":"332fd63041d2c1bcb487cc26dd0d5f7d97098a6c","hash":"b29a5435b7e9e94a2daeb90da0a347a5afe49b47"}
,"C:\\BenBaoBao\\React\\reactJs\\app\\component\\Index\\Content\\Movies\\Movie.js": {"path":"C:\\BenBaoBao\\React\\reactJs\\app\\component\\Index\\Content\\Movies\\Movie.js","statementMap":{"0":{"start":{"line":5,"column":8},"end":{"line":20,"column":10}}},"fnMap":{"0":{"name":"(anonymous_0)","decl":{"start":{"line":4,"column":4},"end":{"line":4,"column":5}},"loc":{"start":{"line":4,"column":13},"end":{"line":21,"column":5}},"line":4}},"branchMap":{},"s":{"0":20},"f":{"0":20},"b":{},"_coverageSchema":"332fd63041d2c1bcb487cc26dd0d5f7d97098a6c","hash":"ef030977220ec3bf37b1cd7cb8abfed88968a2c0"}
,"C:\\BenBaoBao\\React\\reactJs\\app\\component\\Index\\Content\\Movies\\Movies.js": {"path":"C:\\BenBaoBao\\React\\reactJs\\app\\component\\Index\\Content\\Movies\\Movies.js","statementMap":{"0":{"start":{"line":7,"column":8},"end":{"line":15,"column":10}},"1":{"start":{"line":11,"column":24},"end":{"line":11,"column":65}}},"fnMap":{"0":{"name":"(anonymous_0)","decl":{"start":{"line":6,"column":4},"end":{"line":6,"column":5}},"loc":{"start":{"line":6,"column":13},"end":{"line":16,"column":5}},"line":6},"1":{"name":"(anonymous_1)","decl":{"start":{"line":10,"column":43},"end":{"line":10,"column":44}},"loc":{"start":{"line":10,"column":58},"end":{"line":12,"column":21}},"line":10}},"branchMap":{},"s":{"0":2,"1":20},"f":{"0":2,"1":20},"b":{},"_coverageSchema":"332fd63041d2c1bcb487cc26dd0d5f7d97098a6c","hash":"2edefa3188b923970750359939be057c085f7f88"}
,"C:\\BenBaoBao\\React\\reactJs\\app\\test\\jestsetup.js": {"path":"C:\\BenBaoBao\\React\\reactJs\\app\\test\\jestsetup.js","statementMap":{"0":{"start":{"line":4,"column":0},"end":{"line":4,"column":45}},"1":{"start":{"line":6,"column":0},"end":{"line":6,"column":25}},"2":{"start":{"line":7,"column":0},"end":{"line":7,"column":23}},"3":{"start":{"line":8,"column":0},"end":{"line":8,"column":21}}},"fnMap":{},"branchMap":{},"s":{"0":2,"1":2,"2":2,"3":2},"f":{},"b":{},"_coverageSchema":"332fd63041d2c1bcb487cc26dd0d5f7d97098a6c","hash":"d705725869a289702967a9f7942b51c93768a900"}
}
