TN:
SF:C:\BenBaoBao\React\reactJs\app\component\ErrorBoundary\ErrorBoundary.js
FN:4,(anonymous_0)
FN:12,(anonymous_1)
FN:19,(anonymous_2)
FNF:3
FNH:2
FNDA:2,(anonymous_0)
FNDA:0,(anonymous_1)
FNDA:2,(anonymous_2)
DA:5,2
DA:6,2
DA:13,0
DA:20,2
DA:21,0
DA:30,2
LF:6
LH:4
BRDA:20,0,0,0
BRDA:20,0,1,2
BRDA:24,1,0,0
BRDA:24,1,1,0
BRF:4
BRH:1
end_of_record
TN:
SF:C:\BenBaoBao\React\reactJs\app\component\Index\FilterBar.js
FN:4,(anonymous_0)
FNF:1
FNH:1
FNDA:2,(anonymous_0)
DA:5,2
LF:1
LH:1
BRF:0
BRH:0
end_of_record
TN:
SF:C:\BenBaoBao\React\reactJs\app\component\Index\Footer.js
FN:4,(anonymous_0)
FNF:1
FNH:1
FNDA:2,(anonymous_0)
DA:5,2
LF:1
LH:1
BRF:0
BRH:0
end_of_record
TN:
SF:C:\BenBaoBao\React\reactJs\app\component\Index\Header.js
FN:4,(anonymous_0)
FNF:1
FNH:1
FNDA:2,(anonymous_0)
DA:5,2
LF:1
LH:1
BRF:0
BRH:0
end_of_record
TN:
SF:C:\BenBaoBao\React\reactJs\app\component\Index\Index.js
FN:12,(anonymous_0)
FN:196,(anonymous_1)
FN:211,(anonymous_2)
FN:218,Component2
FN:234,(anonymous_4)
FNF:5
FNH:2
FNDA:2,(anonymous_0)
FNDA:2,(anonymous_1)
FNDA:0,(anonymous_2)
FNDA:0,Component2
FNDA:0,(anonymous_4)
DA:13,2
DA:14,2
DA:197,2
DA:212,0
DA:219,0
DA:224,2
DA:226,0
DA:235,0
LF:8
LH:4
BRF:0
BRH:0
end_of_record
TN:
SF:C:\BenBaoBao\React\reactJs\app\component\Index\Content\Content.js
FN:5,(anonymous_0)
FNF:1
FNH:1
FNDA:2,(anonymous_0)
DA:6,2
LF:1
LH:1
BRF:0
BRH:0
end_of_record
TN:
SF:C:\BenBaoBao\React\reactJs\app\component\Index\Content\Movies\Movie.js
FN:4,(anonymous_0)
FNF:1
FNH:1
FNDA:20,(anonymous_0)
DA:5,20
LF:1
LH:1
BRF:0
BRH:0
end_of_record
TN:
SF:C:\BenBaoBao\React\reactJs\app\component\Index\Content\Movies\Movies.js
FN:6,(anonymous_0)
FN:10,(anonymous_1)
FNF:2
FNH:2
FNDA:2,(anonymous_0)
FNDA:20,(anonymous_1)
DA:7,2
DA:11,20
LF:2
LH:2
BRF:0
BRH:0
end_of_record
TN:
SF:C:\BenBaoBao\React\reactJs\app\test\jestsetup.js
FNF:0
FNH:0
DA:4,2
DA:6,2
DA:7,2
DA:8,2
LF:4
LH:4
BRF:0
BRH:0
end_of_record
